#
# There is insufficient memory for the Java Runtime Environment to continue.
# Native memory allocation (mmap) failed to map 134217728 bytes for Failed to commit area from 0x0000000081c00000 to 0x0000000089c00000 of length 134217728.
# Possible reasons:
#   The system is out of physical RAM or swap space
#   The process is running with CompressedOops enabled, and the Java Heap may be blocking the growth of the native heap
# Possible solutions:
#   Reduce memory load on the system
#   Increase physical memory or swap space
#   Check if swap backing store is full
#   Decrease Java heap size (-Xmx/-Xms)
#   Decrease number of Java threads
#   Decrease Java thread stack sizes (-Xss)
#   Set larger code cache with -XX:ReservedCodeCacheSize=
# This output file may be truncated or incomplete.
#
#  Out of Memory Error (./src/hotspot/os/windows/os_windows.cpp:3386), pid=13836, tid=12280
#
# JRE version:  (11.0.16.1+1) (build )
# Java VM: OpenJDK 64-Bit Server VM (11.0.16.1+1-LTS, mixed mode, sharing, tiered, compressed oops, g1 gc, windows-amd64)
# No core dump will be written. Minidumps are not enabled by default on client versions of Windows
#

---------------  S U M M A R Y ------------

Command Line: 

Host: Intel(R) Core(TM) i7-7700HQ CPU @ 2.80GHz, 8 cores, 7G,  Windows 10 , 64 bit Build 19041 (10.0.19041.3155)
Time: Sat Aug 12 20:03:51 2023 Türkiye Standart Saati elapsed time: 0.027670 seconds (0d 0h 0m 0s)

---------------  T H R E A D  ---------------

Current thread (0x000001dc7d6bc000):  JavaThread "Unknown thread" [_thread_in_vm, id=12280, stack(0x00000012ad900000,0x00000012ada00000)]

Stack: [0x00000012ad900000,0x00000012ada00000]
Native frames: (J=compiled Java code, j=interpreted, Vv=VM code, C=native code)
V  [jvm.dll+0x62652a]
V  [jvm.dll+0x7b3249]
V  [jvm.dll+0x7b4938]
V  [jvm.dll+0x7b5013]
V  [jvm.dll+0x24fca8]
V  [jvm.dll+0x62383a]
V  [jvm.dll+0x617fe5]
V  [jvm.dll+0x307bac]
V  [jvm.dll+0x307a32]
V  [jvm.dll+0x30c746]
V  [jvm.dll+0x352b9f]
V  [jvm.dll+0x3525d0]
V  [jvm.dll+0x2e4ba8]
V  [jvm.dll+0x2e5d06]
V  [jvm.dll+0x78d097]
V  [jvm.dll+0x78e81f]
V  [jvm.dll+0x35f8e9]
V  [jvm.dll+0x770000]
V  [jvm.dll+0x3cd40f]
V  [jvm.dll+0x3cf7a1]
C  [jli.dll+0x5207]
C  [ucrtbase.dll+0x21bb2]
C  [KERNEL32.DLL+0x17614]
C  [ntdll.dll+0x526b1]


---------------  P R O C E S S  ---------------

Threads class SMR info:
_java_thread_list=0x000001dc7b614b60, length=0, elements={
}

Java Threads: ( => current thread )

Other Threads:
  0x000001dc7d6d2000 GCTaskThread "GC Thread#0" [stack: 0x00000012ada00000,0x00000012adb00000] [id=2136]
  0x000001dc7d707000 ConcurrentGCThread "G1 Main Marker" [stack: 0x00000012adb00000,0x00000012adc00000] [id=13924]
  0x000001dc7d709000 ConcurrentGCThread "G1 Conc#0" [stack: 0x00000012adc00000,0x00000012add00000] [id=10404]

[error occurred during error reporting (printing all threads), id 0xc0000005, EXCEPTION_ACCESS_VIOLATION (0xc0000005) at pc=0x00007ffc52344377]

VM state:not at safepoint (not fully initialized)

VM Mutex/Monitor currently owned by a thread:  ([mutex/lock_event])
[0x000001dc7d6b87a0] Heap_lock - owner thread: 0x000001dc7d6bc000

Heap address: 0x0000000081c00000, size: 2020 MB, Compressed Oops mode: Non-zero based: 0x0000000081c00000
Narrow klass base: 0x0000000000000000, Narrow klass shift: 0

GC Heap History (0 events):
No events

Deoptimization events (0 events):
No events

Classes redefined (0 events):
No events

Internal exceptions (0 events):
No events

Events (1 events):
Event: 0.012 Loaded shared library C:\Program Files\Microsoft\jdk-11.0.16.101-hotspot\bin\zip.dll


Dynamic libraries:
0x00007ff7803f0000 - 0x00007ff7803fd000 	C:\Program Files\Microsoft\jdk-11.0.16.101-hotspot\bin\java.exe
0x00007ffcce310000 - 0x00007ffcce508000 	C:\WINDOWS\SYSTEM32\ntdll.dll
0x00007ffcce160000 - 0x00007ffcce21f000 	C:\WINDOWS\System32\KERNEL32.DLL
0x00007ffccbab0000 - 0x00007ffccbda6000 	C:\WINDOWS\System32\KERNELBASE.dll
0x00007ffccbf10000 - 0x00007ffccc010000 	C:\WINDOWS\System32\ucrtbase.dll
0x00007ffcb7130000 - 0x00007ffcb7147000 	C:\Program Files\Microsoft\jdk-11.0.16.101-hotspot\bin\jli.dll
0x00007ffcb7060000 - 0x00007ffcb7075000 	C:\Program Files\Microsoft\jdk-11.0.16.101-hotspot\bin\VCRUNTIME140.dll
0x00007ffccc7a0000 - 0x00007ffccc93d000 	C:\WINDOWS\System32\USER32.dll
0x00007ffcb69b0000 - 0x00007ffcb6c4a000 	C:\WINDOWS\WinSxS\amd64_microsoft.windows.common-controls_6595b64144ccf1df_6.0.19041.1110_none_60b5254171f9507e\COMCTL32.dll
0x00007ffccb9f0000 - 0x00007ffccba12000 	C:\WINDOWS\System32\win32u.dll
0x00007ffccd090000 - 0x00007ffccd12e000 	C:\WINDOWS\System32\msvcrt.dll
0x00007ffcce280000 - 0x00007ffcce2ac000 	C:\WINDOWS\System32\GDI32.dll
0x00007ffccc190000 - 0x00007ffccc2a5000 	C:\WINDOWS\System32\gdi32full.dll
0x00007ffccc010000 - 0x00007ffccc0ad000 	C:\WINDOWS\System32\msvcp_win.dll
0x00007ffccdf30000 - 0x00007ffccdf60000 	C:\WINDOWS\System32\IMM32.DLL
0x00007ffc909c0000 - 0x00007ffc90a5b000 	C:\Program Files\Microsoft\jdk-11.0.16.101-hotspot\bin\msvcp140.dll
0x00007ffc52050000 - 0x00007ffc52bda000 	C:\Program Files\Microsoft\jdk-11.0.16.101-hotspot\bin\server\jvm.dll
0x00007ffccdf60000 - 0x00007ffcce00f000 	C:\WINDOWS\System32\ADVAPI32.dll
0x00007ffccd940000 - 0x00007ffccd9dc000 	C:\WINDOWS\System32\sechost.dll
0x00007ffccd7a0000 - 0x00007ffccd8c6000 	C:\WINDOWS\System32\RPCRT4.dll
0x00007ffccdf20000 - 0x00007ffccdf28000 	C:\WINDOWS\System32\PSAPI.DLL
0x00007ffcb3400000 - 0x00007ffcb3409000 	C:\WINDOWS\SYSTEM32\WSOCK32.dll
0x00007ffccc580000 - 0x00007ffccc5eb000 	C:\WINDOWS\System32\WS2_32.dll
0x00007ffcb9820000 - 0x00007ffcb9847000 	C:\WINDOWS\SYSTEM32\WINMM.dll
0x00007ffcbd6d0000 - 0x00007ffcbd6da000 	C:\WINDOWS\SYSTEM32\VERSION.dll
0x00007ffcc9a70000 - 0x00007ffcc9a82000 	C:\WINDOWS\SYSTEM32\kernel.appcore.dll
0x00007ffcc69a0000 - 0x00007ffcc69b0000 	C:\Program Files\Microsoft\jdk-11.0.16.101-hotspot\bin\verify.dll
0x00007ffcc9630000 - 0x00007ffcc9814000 	C:\WINDOWS\SYSTEM32\DBGHELP.DLL
0x00007ffcae0b0000 - 0x00007ffcae0e4000 	C:\WINDOWS\SYSTEM32\dbgcore.DLL
0x00007ffccba20000 - 0x00007ffccbaa2000 	C:\WINDOWS\System32\bcryptPrimitives.dll
0x00007ffcb3850000 - 0x00007ffcb3878000 	C:\Program Files\Microsoft\jdk-11.0.16.101-hotspot\bin\java.dll
0x00007ffcb7040000 - 0x00007ffcb704a000 	C:\Program Files\Microsoft\jdk-11.0.16.101-hotspot\bin\jimage.dll
0x00007ffcb58b0000 - 0x00007ffcb58c8000 	C:\Program Files\Microsoft\jdk-11.0.16.101-hotspot\bin\zip.dll

dbghelp: loaded successfully - version: 4.0.5 - missing functions: none
symbol engine: initialized successfully - sym options: 0x614 - pdb path: .;C:\Program Files\Microsoft\jdk-11.0.16.101-hotspot\bin;C:\WINDOWS\SYSTEM32;C:\WINDOWS\WinSxS\amd64_microsoft.windows.common-controls_6595b64144ccf1df_6.0.19041.1110_none_60b5254171f9507e;C:\Program Files\Microsoft\jdk-11.0.16.101-hotspot\bin\server

VM Arguments:
java_command: <unknown>
java_class_path (initial): <not set>
Launcher Type: SUN_STANDARD

[Global flags]
     intx CICompilerCount                          = 4                                         {product} {ergonomic}
     uint ConcGCThreads                            = 2                                         {product} {ergonomic}
     uint G1ConcRefinementThreads                  = 8                                         {product} {ergonomic}
   size_t G1HeapRegionSize                         = 1048576                                   {product} {ergonomic}
    uintx GCDrainStackTargetSize                   = 64                                        {product} {ergonomic}
   size_t InitialHeapSize                          = 134217728                                 {product} {ergonomic}
   size_t MarkStackSize                            = 4194304                                   {product} {ergonomic}
   size_t MaxHeapSize                              = 2118123520                                {product} {ergonomic}
   size_t MinHeapDeltaBytes                        = 1048576                                   {product} {ergonomic}
    uintx NonNMethodCodeHeapSize                   = 5836300                                {pd product} {ergonomic}
    uintx NonProfiledCodeHeapSize                  = 122910970                              {pd product} {ergonomic}
    uintx ProfiledCodeHeapSize                     = 122910970                              {pd product} {ergonomic}
    uintx ReservedCodeCacheSize                    = 251658240                              {pd product} {ergonomic}
     bool SegmentedCodeCache                       = true                                      {product} {ergonomic}
     bool UseCompressedClassPointers               = true                                 {lp64_product} {ergonomic}
     bool UseCompressedOops                        = true                                 {lp64_product} {ergonomic}
     bool UseG1GC                                  = true                                      {product} {ergonomic}
     bool UseLargePagesIndividualAllocation        = false                                  {pd product} {ergonomic}

Logging:
Log output configuration:
 #0: stdout all=warning uptime,level,tags
 #1: stderr all=off uptime,level,tags

Environment Variables:
JAVA_HOME=C:\Program Files\Microsoft\jdk-11.0.16.101-hotspot
PATH=C:\Program Files\Microsoft\jdk-11.0.16.101-hotspot\bin;C:\ProgramData\Oracle\Java\javapath;C:\Program Files\Common Files\Oracle\Java\javapath;C:\Program Files (x86)\Common Files\Oracle\Java\javapath;C:\Windows\system32;C:\Windows;C:\Windows\System32\Wbem;C:\Windows\System32\WindowsPowerShell\v1.0\;C:\Windows\System32\OpenSSH\;C:\Program Files\Git LFS;C:\Program Files\dotnet\;C:\Program Files (x86)\NVIDIA Corporation\PhysX\Common;C:\WINDOWS\system32;C:\WINDOWS;C:\WINDOWS\System32\Wbem;C:\WINDOWS\System32\WindowsPowerShell\v1.0\;C:\WINDOWS\System32\OpenSSH\;C:\Program Files\JetBrains\IntelliJ IDEA Community Edition 2021.3.3\bin;C:\ProgramData\chocolatey\bin;C:\ProgramData\chocolatey\lib\maven\apache-maven-3.9.1\bin;C:\ProgramData\chocolatey\lib\maven\apache-maven-3.9.1\bin;C:\Program Files\Java\jdk-17.0.3\bin;C:\Program Files\Java\jre1.8.0_361\bin;C:\Program Files\Git\cmd;C:\Users\MERT\Downloads\junit-4.13.2-javadoc;C:\Program Files (x86)\Microsoft SQL Server\160\Tools\Binn\;C:\Program Files\Microsoft SQL Server\160\Tools\Binn\;C:\Program Files\Microsoft SQL Server\Client SDK\ODBC\170\Tools\Binn\;C:\Program Files\Microsoft SQL Server\160\DTS\Binn\;C:\Program Files\Microsoft SQL Server\150\Tools\Binn\;C:\Users\MERT\AppData\Local\Programs\Python\Python311\Scripts\;C:\Users\MERT\AppData\Local\Programs\Python\Python311\;C:\Users\MERT\AppData\Local\Microsoft\WindowsApps;C:\Users\MERT\Desktop\gradle-7.4.1\bin;C:\Program Files\JetBrains\IntelliJ IDEA Community Edition 2021.3.3;;C:\Users\MERT\AppData\Local\GitHubDesktop\bin;C:\Program Files (x86)\Nmap;C:\Users\MERT\AppData\Local\Programs\Microsoft VS Code\bin;C:\Program Files\JetBrains\PyCharm 2023.1.2\bin;;C:\Users\MERT\.dotnet\tools;C:\Users\MERT\AppData\Local\JetBrains\JetBrains Rider 2023.2\bin;
USERNAME=MERT
OS=Windows_NT
PROCESSOR_IDENTIFIER=Intel64 Family 6 Model 158 Stepping 9, GenuineIntel
TMP=C:\Users\MERT\AppData\Local\Temp
TEMP=C:\Users\MERT\AppData\Local\Temp



---------------  S Y S T E M  ---------------

OS: Windows 10 , 64 bit Build 19041 (10.0.19041.3155)
OS uptime: 0 days 2:25 hours

CPU:total 8 (initial active 8) (4 cores per cpu, 2 threads per core) family 6 model 158 stepping 9 microcode 0xb4, cmov, cx8, fxsr, mmx, sse, sse2, sse3, ssse3, sse4.1, sse4.2, popcnt, avx, avx2, aes, clmul, erms, 3dnowpref, lzcnt, ht, tsc, tscinvbit, bmi1, bmi2, adx, fma

Memory: 4k page, system-wide physical 8077M (1045M free)
TotalPageFile size 13135M (AvailPageFile size 27M)
current process WorkingSet (physical memory assigned to process): 10M, peak: 10M
current process commit charge ("private bytes"): 60M, peak: 188M

vm_info: OpenJDK 64-Bit Server VM (11.0.16.1+1-LTS) for windows-amd64 JRE (11.0.16.1+1-LTS), built on Aug 20 2022 20:09:04 by "" with MS VC++ 15.9 (VS2017)

END.
